SF:lib/domain/entities/movie_entities/movie.dart
DA:4,5
DA:20,0
DA:41,3
DA:42,3
DA:43,3
DA:44,3
DA:45,3
DA:46,3
DA:47,3
DA:48,3
DA:49,3
DA:50,3
DA:51,3
DA:52,3
DA:53,3
DA:54,3
DA:55,3
LF:17
LH:16
end_of_record
SF:lib/domain/usecases/usecases_movie/get_top_rated_movies.dart
DA:8,1
DA:9,1
DA:10,2
LF:3
LH:3
end_of_record
SF:lib/presentation/bloc/movie/top_rated_movie/top_rated_movie_bloc.dart
DA:9,3
DA:10,2
DA:11,2
DA:12,2
DA:13,1
DA:14,1
DA:15,3
DA:17,1
DA:18,2
LF:9
LH:9
end_of_record
SF:lib/presentation/bloc/movie/top_rated_movie/top_rated_movie_event.dart
DA:4,2
DA:6,0
DA:7,0
DA:11,0
DA:12,0
LF:5
LH:1
end_of_record
SF:lib/domain/usecases/usecases_movie/get_popular_movies.dart
DA:8,1
DA:9,1
DA:10,2
LF:3
LH:3
end_of_record
SF:lib/presentation/bloc/movie/popular_movie/popular_movie_bloc.dart
DA:9,3
DA:10,2
DA:11,2
DA:12,2
DA:13,1
DA:14,1
DA:15,3
DA:17,1
DA:18,2
LF:9
LH:9
end_of_record
SF:lib/presentation/bloc/movie/popular_movie/popular_movie_event.dart
DA:4,2
DA:6,0
DA:7,0
DA:11,0
DA:12,0
LF:5
LH:1
end_of_record
SF:lib/presentation/pages/movie/popular_movies_page.dart
DA:10,1
DA:12,1
DA:13,1
DA:17,1
DA:19,1
DA:20,1
DA:21,5
DA:24,1
DA:26,1
DA:27,1
DA:28,1
DA:30,1
DA:32,1
DA:33,1
DA:34,1
DA:38,1
DA:39,1
DA:40,1
DA:41,2
DA:42,1
DA:44,2
DA:47,1
DA:48,1
DA:49,1
LF:24
LH:24
end_of_record
SF:lib/presentation/widget/Movie_card_list.dart
DA:10,2
DA:12,1
DA:14,1
DA:16,1
DA:17,0
DA:18,0
DA:21,0
DA:24,1
DA:26,1
DA:27,1
DA:28,1
DA:34,1
DA:36,1
DA:37,1
DA:38,2
DA:41,1
DA:44,1
DA:45,2
DA:53,1
DA:58,1
DA:59,1
DA:60,3
DA:62,1
DA:65,0
LF:24
LH:20
end_of_record
SF:lib/presentation/pages/movie/top_rated_movies_page.dart
DA:10,1
DA:12,1
DA:13,1
DA:17,1
DA:19,1
DA:20,1
DA:21,5
DA:24,1
DA:26,1
DA:27,1
DA:28,1
DA:30,1
DA:32,1
DA:33,1
DA:34,1
DA:38,1
DA:39,1
DA:40,1
DA:41,2
DA:42,1
DA:44,2
LF:21
LH:21
end_of_record
SF:lib/presentation/pages/movie/movie_detail_page.dart
DA:20,1
DA:22,1
DA:23,1
DA:27,1
DA:29,1
DA:30,2
DA:31,6
DA:32,1
DA:33,1
DA:34,4
DA:35,6
DA:39,1
DA:41,2
DA:42,2
DA:43,2
DA:48,1
DA:49,1
DA:50,1
DA:51,1
DA:55,1
DA:56,1
DA:57,1
DA:58,1
DA:63,0
DA:76,1
DA:77,1
DA:79,1
DA:81,3
DA:86,1
DA:87,1
DA:88,1
DA:89,3
DA:91,1
DA:94,0
DA:96,1
DA:98,1
DA:99,1
DA:100,1
DA:110,1
DA:111,1
DA:112,1
DA:114,1
DA:116,1
DA:118,1
DA:119,1
DA:120,2
DA:121,1
DA:123,1
DA:124,1
DA:125,1
DA:127,1
DA:128,3
DA:131,0
DA:132,0
DA:135,1
DA:137,2
DA:138,1
DA:139,0
DA:142,1
DA:146,1
DA:147,0
DA:148,2
DA:149,2
DA:151,0
DA:153,0
DA:154,0
DA:155,0
DA:159,2
DA:161,1
DA:163,1
DA:164,1
DA:171,1
DA:172,3
DA:174,1
DA:175,3
DA:177,1
DA:178,1
DA:179,1
DA:180,3
DA:182,1
DA:188,4
DA:192,1
DA:194,1
DA:196,1
DA:197,2
DA:200,1
DA:202,1
DA:204,1
DA:205,1
DA:206,1
DA:210,1
DA:211,0
DA:212,1
DA:213,1
DA:215,1
DA:217,1
DA:218,2
DA:219,1
DA:221,1
DA:222,0
DA:223,0
DA:226,0
DA:229,1
DA:234,1
DA:236,2
DA:237,1
DA:243,0
DA:250,2
DA:254,0
DA:262,1
DA:264,1
DA:279,1
DA:281,1
DA:284,1
DA:286,0
DA:287,0
DA:296,1
DA:298,2
DA:299,3
DA:302,1
DA:306,3
DA:309,1
DA:310,1
DA:311,1
DA:313,1
DA:314,1
DA:316,0
LF:127
LH:108
end_of_record
SF:lib/domain/entities/movie_entities/genre.dart
DA:4,3
DA:12,0
DA:13,0
LF:3
LH:1
end_of_record
SF:lib/domain/entities/movie_entities/movie_detail.dart
DA:5,3
DA:33,0
DA:34,0
DA:35,0
DA:36,0
DA:37,0
DA:38,0
DA:39,0
DA:40,0
DA:41,0
DA:42,0
DA:43,0
DA:44,0
DA:45,0
LF:14
LH:1
end_of_record
SF:lib/domain/usecases/usecases_movie/get_movie_detail.dart
DA:8,1
DA:9,1
DA:10,2
LF:3
LH:3
end_of_record
SF:lib/domain/usecases/usecases_movie/get_movie_recommendations.dart
DA:9,1
DA:11,1
DA:12,2
LF:3
LH:3
end_of_record
SF:lib/domain/usecases/usecases_movie/get_watchlist_movies.dart
DA:8,1
DA:9,1
DA:10,2
LF:3
LH:3
end_of_record
SF:lib/domain/usecases/usecases_movie/get_watchlist_status.dart
DA:6,1
DA:8,1
DA:9,2
LF:3
LH:3
end_of_record
SF:lib/domain/usecases/usecases_movie/remove_watchlist.dart
DA:8,1
DA:9,1
DA:10,2
LF:3
LH:3
end_of_record
SF:lib/domain/usecases/usecases_movie/save_watchlist.dart
DA:8,1
DA:9,1
DA:10,2
LF:3
LH:3
end_of_record
SF:lib/presentation/bloc/movie/movie_detail/movie_detail_bloc.dart
DA:8,0
DA:9,0
DA:10,0
DA:11,0
DA:13,0
DA:14,0
DA:15,0
DA:17,0
DA:18,0
LF:9
LH:0
end_of_record
SF:lib/presentation/bloc/movie/movie_detail/movie_detail_event.dart
DA:4,1
DA:6,0
DA:7,0
DA:13,1
DA:15,0
DA:16,0
LF:6
LH:2
end_of_record
SF:lib/presentation/bloc/movie/recomendation_movie/recomendation_movie_bloc.dart
DA:9,0
DA:10,0
DA:11,0
DA:12,0
DA:13,0
DA:14,0
DA:15,0
DA:17,0
DA:18,0
LF:9
LH:0
end_of_record
SF:lib/presentation/bloc/movie/recomendation_movie/recomendation_movie_event.dart
DA:4,1
DA:6,0
DA:7,0
DA:13,1
DA:15,0
DA:16,0
LF:6
LH:2
end_of_record
SF:lib/presentation/bloc/movie/watchlist_movie/watchlist_movie_bloc.dart
DA:15,0
DA:17,0
DA:18,0
DA:19,0
DA:20,0
DA:21,0
DA:22,0
DA:25,0
DA:26,0
DA:28,0
DA:30,0
DA:31,0
DA:32,0
DA:33,0
DA:37,0
DA:38,0
DA:40,0
DA:42,0
DA:43,0
DA:44,0
DA:45,0
DA:49,0
DA:50,0
DA:51,0
DA:52,0
DA:53,0
DA:54,0
DA:56,0
DA:57,0
LF:29
LH:0
end_of_record
SF:lib/presentation/bloc/movie/watchlist_movie/watchlist_movie_event.dart
DA:5,1
DA:7,0
DA:8,0
DA:14,1
DA:16,0
DA:17,0
DA:23,1
DA:25,0
DA:26,0
DA:32,0
DA:34,0
DA:35,0
DA:39,0
DA:40,0
LF:14
LH:3
end_of_record
SF:lib/domain/usecases/usecases_movie/get_now_playing_movies.dart
DA:8,1
DA:9,1
DA:10,2
LF:3
LH:3
end_of_record
SF:lib/presentation/bloc/movie/now_movie_playing/now_movie_playing_bloc.dart
DA:9,3
DA:10,2
DA:11,2
DA:12,2
DA:13,1
DA:14,1
DA:15,3
DA:17,1
DA:18,2
LF:9
LH:9
end_of_record
SF:lib/presentation/bloc/movie/now_movie_playing/now_movie_playing_event.dart
DA:4,1
DA:6,0
DA:7,0
DA:11,0
DA:12,0
LF:5
LH:1
end_of_record
