SF:lib/domain/entities/tv_entities/tv.dart
DA:4,4
DA:16,0
DA:33,3
DA:34,3
DA:35,3
DA:36,3
DA:37,3
DA:38,3
DA:39,3
DA:40,3
DA:41,3
DA:42,3
DA:43,3
LF:13
LH:12
end_of_record
SF:lib/domain/usecases/usecases_tv/get_popular_tv.dart
DA:8,1
DA:9,1
DA:10,2
LF:3
LH:3
end_of_record
SF:lib/presentation/bloc/tv/tv_popular/tv_popular_bloc.dart
DA:10,3
DA:11,2
DA:12,2
DA:13,2
DA:14,1
DA:15,1
DA:16,3
DA:18,1
DA:19,2
LF:9
LH:9
end_of_record
SF:lib/presentation/bloc/tv/tv_popular/tv_popular_event.dart
DA:4,1
DA:6,0
DA:7,0
DA:11,0
DA:12,0
LF:5
LH:1
end_of_record
SF:lib/domain/entities/tv_entities/genre.dart
DA:4,4
DA:12,0
DA:13,0
LF:3
LH:1
end_of_record
SF:lib/domain/entities/tv_entities/tv_detail.dart
DA:4,3
DA:34,0
DA:35,0
DA:36,0
DA:37,0
DA:38,0
DA:39,0
DA:40,0
DA:41,0
DA:42,0
DA:43,0
DA:44,0
DA:45,0
DA:46,0
DA:47,0
DA:48,0
DA:53,0
DA:61,0
DA:62,0
DA:63,0
DA:66,0
DA:67,0
DA:68,0
LF:23
LH:1
end_of_record
SF:lib/domain/usecases/usecases_tv/get_top_rated_tv.dart
DA:8,1
DA:9,1
DA:10,2
LF:3
LH:3
end_of_record
SF:lib/presentation/bloc/tv/tv_top_rated/tv_top_rated_bloc.dart
DA:9,3
DA:10,2
DA:11,2
DA:12,2
DA:13,1
DA:14,1
DA:15,3
DA:17,1
DA:18,2
LF:9
LH:9
end_of_record
SF:lib/presentation/bloc/tv/tv_top_rated/tv_top_rated_event.dart
DA:4,1
DA:6,0
DA:7,0
DA:11,0
DA:12,0
LF:5
LH:1
end_of_record
SF:lib/domain/usecases/usecases_tv/get_now_playing_tv.dart
DA:8,1
DA:9,1
DA:10,2
LF:3
LH:3
end_of_record
SF:lib/presentation/bloc/tv/tv_now_playing/tv_now_playing_bloc.dart
DA:9,3
DA:10,2
DA:11,2
DA:12,2
DA:13,1
DA:14,1
DA:15,3
DA:17,1
DA:18,2
LF:9
LH:9
end_of_record
SF:lib/presentation/bloc/tv/tv_now_playing/tv_now_playing_event.dart
DA:4,1
DA:6,0
DA:7,0
DA:11,0
DA:12,0
LF:5
LH:1
end_of_record
SF:lib/domain/usecases/usecases_tv/save_watchlist.dart
DA:8,1
DA:9,1
DA:10,2
LF:3
LH:3
end_of_record
SF:lib/domain/usecases/usecases_tv/remove_watchlist.dart
DA:8,1
DA:9,1
DA:10,2
LF:3
LH:3
end_of_record
SF:lib/domain/usecases/usecases_tv/get_tv_detail.dart
DA:9,1
DA:11,1
DA:12,2
LF:3
LH:3
end_of_record
SF:lib/domain/usecases/usecases_tv/get_watchlist_tv.dart
DA:9,1
DA:11,1
DA:12,2
LF:3
LH:3
end_of_record
