SF:lib/domain/entities/tv_entities/genre.dart
DA:4,5
DA:12,0
DA:13,0
LF:3
LH:1
end_of_record
SF:lib/domain/entities/tv_entities/tv.dart
DA:4,6
DA:16,1
DA:33,5
DA:34,5
DA:35,5
DA:36,5
DA:37,5
DA:38,5
DA:39,5
DA:40,5
DA:41,5
DA:42,5
DA:43,5
LF:13
LH:13
end_of_record
SF:lib/domain/entities/tv_entities/tv_detail.dart
DA:4,5
DA:32,0
DA:33,0
DA:34,0
DA:35,0
DA:36,0
DA:37,0
DA:38,0
DA:39,0
DA:40,0
DA:41,0
DA:42,0
DA:43,0
DA:44,0
DA:45,0
LF:15
LH:1
end_of_record
SF:lib/presentation/bloc/tv/tv_detail/tv_detail_bloc.dart
DA:10,3
DA:11,2
DA:12,2
DA:13,3
DA:14,1
DA:15,1
DA:16,3
DA:18,1
DA:19,2
LF:9
LH:9
end_of_record
SF:lib/presentation/bloc/tv/tv_detail/tv_detail_event.dart
DA:4,2
DA:6,0
DA:7,0
DA:13,2
DA:15,1
DA:16,2
LF:6
LH:4
end_of_record
SF:lib/presentation/bloc/tv/tv_now_playing/tv_now_playing_bloc.dart
DA:9,3
DA:10,2
DA:11,2
DA:12,2
DA:13,1
DA:14,1
DA:15,3
DA:17,1
DA:18,2
LF:9
LH:9
end_of_record
SF:lib/presentation/bloc/tv/tv_now_playing/tv_now_playing_event.dart
DA:4,2
DA:6,0
DA:7,0
DA:11,0
DA:12,0
LF:5
LH:1
end_of_record
SF:lib/presentation/bloc/tv/tv_popular/tv_popular_bloc.dart
DA:10,3
DA:11,2
DA:12,2
DA:13,2
DA:14,1
DA:15,1
DA:16,3
DA:18,1
DA:19,2
LF:9
LH:9
end_of_record
SF:lib/presentation/bloc/tv/tv_popular/tv_popular_event.dart
DA:4,2
DA:6,0
DA:7,0
DA:11,0
DA:12,0
LF:5
LH:1
end_of_record
SF:lib/presentation/bloc/tv/tv_recomendation/tv_recomendation_bloc.dart
DA:9,3
DA:10,2
DA:11,2
DA:12,3
DA:13,1
DA:14,1
DA:15,3
DA:17,1
DA:18,2
LF:9
LH:9
end_of_record
SF:lib/presentation/bloc/tv/tv_recomendation/tv_recomendation_event.dart
DA:4,2
DA:6,0
DA:7,0
DA:13,2
DA:15,1
DA:16,2
LF:6
LH:4
end_of_record
SF:lib/presentation/bloc/tv/tv_top_rated/tv_top_rated_bloc.dart
DA:9,3
DA:10,2
DA:11,2
DA:12,2
DA:13,1
DA:14,1
DA:15,3
DA:17,1
DA:18,2
LF:9
LH:9
end_of_record
SF:lib/presentation/bloc/tv/tv_top_rated/tv_top_rated_event.dart
DA:4,2
DA:6,0
DA:7,0
DA:11,0
DA:12,0
LF:5
LH:1
end_of_record
SF:lib/presentation/bloc/tv/watchlist_tv/watchlist_event.dart
DA:5,2
DA:7,0
DA:8,0
DA:14,1
DA:16,0
DA:17,0
DA:23,1
DA:25,1
DA:26,1
DA:32,1
DA:34,1
DA:35,1
DA:39,1
DA:40,1
LF:14
LH:10
end_of_record
SF:lib/presentation/bloc/tv/watchlist_tv/watchlist_tv_bloc.dart
DA:15,1
DA:17,2
DA:18,1
DA:19,0
DA:20,0
DA:21,0
DA:22,0
DA:25,2
DA:26,1
DA:28,2
DA:30,2
DA:31,3
DA:32,1
DA:33,2
DA:37,2
DA:38,1
DA:40,2
DA:42,2
DA:43,3
DA:44,1
DA:45,2
DA:49,2
DA:50,2
DA:51,2
DA:52,1
DA:53,1
DA:54,3
DA:56,1
DA:57,2
LF:29
LH:25
end_of_record
SF:lib/presentation/pages/tv/now_playing_tv_page.dart
DA:11,1
DA:12,1
DA:16,1
DA:18,1
DA:19,1
DA:20,5
DA:23,1
DA:25,1
DA:26,1
DA:27,1
DA:29,1
DA:31,1
DA:32,1
DA:33,1
DA:37,1
DA:38,1
DA:39,1
DA:40,2
DA:41,1
DA:43,2
DA:46,1
DA:47,1
DA:48,1
LF:23
LH:23
end_of_record
SF:lib/presentation/pages/tv/popular_tv_page.dart
DA:11,1
DA:12,1
DA:16,1
DA:18,1
DA:19,6
DA:22,1
DA:24,1
DA:25,1
DA:26,1
DA:28,1
DA:30,1
DA:31,1
DA:32,1
DA:36,1
DA:37,1
DA:38,1
DA:39,2
DA:40,1
DA:42,2
DA:45,1
DA:46,1
DA:47,1
LF:22
LH:22
end_of_record
SF:lib/presentation/pages/tv/top_rated_tv_page.dart
DA:11,1
DA:12,1
DA:16,1
DA:18,1
DA:19,6
DA:22,1
DA:24,1
DA:25,1
DA:26,1
DA:28,1
DA:30,1
DA:31,1
DA:32,1
DA:36,1
DA:37,1
DA:38,1
DA:39,2
DA:40,1
DA:42,2
DA:45,1
DA:46,1
DA:47,1
LF:22
LH:22
end_of_record
SF:lib/presentation/pages/tv/tv_detail_page.dart
DA:20,3
DA:21,1
DA:22,1
DA:26,1
DA:28,1
DA:29,2
DA:30,6
DA:31,6
DA:32,1
DA:33,1
DA:34,4
DA:38,1
DA:40,2
DA:41,2
DA:42,2
DA:47,1
DA:48,1
DA:49,1
DA:50,1
DA:54,1
DA:55,1
DA:56,1
DA:57,1
DA:73,2
DA:75,1
DA:77,3
DA:82,1
DA:83,1
DA:84,1
DA:85,3
DA:87,1
DA:90,0
DA:92,1
DA:94,1
DA:95,1
DA:96,1
DA:106,1
DA:107,1
DA:108,1
DA:110,1
DA:112,1
DA:114,1
DA:115,1
DA:116,2
DA:117,1
DA:119,1
DA:120,0
DA:121,0
DA:123,0
DA:124,0
DA:127,0
DA:128,0
DA:131,0
DA:132,0
DA:133,0
DA:134,0
DA:137,0
DA:141,0
DA:142,0
DA:143,0
DA:144,0
DA:146,0
DA:148,0
DA:149,0
DA:150,0
DA:154,0
DA:156,1
DA:158,1
DA:159,1
DA:166,1
DA:167,3
DA:169,1
DA:170,3
DA:172,1
DA:173,1
DA:174,1
DA:175,2
DA:177,1
DA:183,4
DA:187,1
DA:189,1
DA:191,1
DA:192,2
DA:195,1
DA:197,1
DA:199,1
DA:200,1
DA:201,1
DA:205,1
DA:206,0
DA:207,1
DA:208,1
DA:210,1
DA:212,1
DA:213,2
DA:214,1
DA:216,1
DA:217,0
DA:218,0
DA:221,0
DA:224,1
DA:229,1
DA:231,2
DA:232,1
DA:238,0
DA:245,2
DA:249,0
DA:257,1
DA:259,1
DA:274,1
DA:276,1
DA:279,1
DA:281,0
DA:282,0
DA:291,1
DA:293,2
DA:294,2
DA:297,1
DA:301,3
DA:304,1
DA:305,1
DA:306,1
DA:308,1
DA:309,0
DA:311,1
LF:125
LH:95
end_of_record
SF:lib/presentation/widget/Tv_card_list.dart
DA:10,2
DA:12,1
DA:14,1
DA:16,1
DA:17,0
DA:18,0
DA:21,0
DA:24,1
DA:26,1
DA:27,1
DA:28,1
DA:34,1
DA:36,1
DA:37,1
DA:38,2
DA:41,1
DA:44,1
DA:45,2
DA:53,1
DA:58,1
DA:59,3
DA:60,1
DA:61,3
DA:63,1
DA:66,0
DA:69,0
DA:71,0
LF:27
LH:21
end_of_record
SF:lib/domain/usecases/usecases_tv/get_now_playing_tv.dart
DA:8,1
DA:9,1
DA:10,2
LF:3
LH:3
end_of_record
SF:lib/domain/usecases/usecases_tv/get_popular_tv.dart
DA:8,1
DA:9,1
DA:10,2
LF:3
LH:3
end_of_record
SF:lib/domain/usecases/usecases_tv/get_top_rated_tv.dart
DA:8,1
DA:9,1
DA:10,2
LF:3
LH:3
end_of_record
SF:lib/domain/usecases/usecases_tv/get_tv_detail.dart
DA:9,1
DA:11,1
DA:12,2
LF:3
LH:3
end_of_record
SF:lib/domain/usecases/usecases_tv/get_tv_recommendations.dart
DA:8,1
DA:9,1
DA:10,2
LF:3
LH:3
end_of_record
SF:lib/domain/usecases/usecases_tv/get_watchlist_status_tv.dart
DA:6,1
DA:8,1
DA:9,2
LF:3
LH:3
end_of_record
SF:lib/domain/usecases/usecases_tv/get_watchlist_tv.dart
DA:9,1
DA:11,1
DA:12,2
LF:3
LH:3
end_of_record
SF:lib/domain/usecases/usecases_tv/remove_watchlist.dart
DA:8,1
DA:9,1
DA:10,2
LF:3
LH:3
end_of_record
SF:lib/domain/usecases/usecases_tv/save_watchlist.dart
DA:8,1
DA:9,1
DA:10,2
LF:3
LH:3
end_of_record
