SF:lib/presentation/bloc/search/search_bloc.dart
DA:11,3
DA:12,2
DA:13,1
DA:14,2
DA:15,2
DA:16,1
DA:17,1
DA:18,3
DA:20,1
DA:21,2
DA:24,1
DA:31,0
DA:32,0
DA:33,0
DA:35,0
DA:36,0
DA:37,0
DA:38,0
DA:39,0
DA:41,0
DA:42,0
DA:45,0
DA:49,1
DA:50,3
LF:24
LH:13
end_of_record
SF:lib/presentation/bloc/search/search_event.dart
DA:4,1
DA:6,0
DA:7,0
DA:13,1
DA:15,0
DA:16,0
LF:6
LH:2
end_of_record
SF:./lib/presentation/bloc/search/search_bloc.dart
DA:11,3
DA:12,2
DA:13,1
DA:14,2
DA:15,2
DA:16,1
DA:17,1
DA:18,3
DA:20,1
DA:21,2
DA:24,1
DA:31,0
DA:32,0
DA:33,0
DA:35,0
DA:36,0
DA:37,0
DA:38,0
DA:39,0
DA:41,0
DA:42,0
DA:45,0
DA:49,1
DA:50,3
LF:24
LH:13
end_of_record
SF:./lib/presentation/bloc/search/search_event.dart
DA:4,1
DA:6,0
DA:7,0
DA:13,1
DA:15,0
DA:16,0
LF:6
LH:2
end_of_record
SF:./core/lib/data/models/movie_models/movie_model.dart
DA:5,9
DA:35,4
DA:36,2
DA:37,2
DA:38,8
DA:39,2
DA:40,2
DA:41,2
DA:42,4
DA:43,2
DA:44,2
DA:45,2
DA:46,2
DA:47,4
DA:48,2
DA:51,2
DA:52,1
DA:53,1
DA:54,4
DA:55,1
DA:56,1
DA:57,1
DA:58,1
DA:59,1
DA:60,1
DA:61,1
DA:62,1
DA:63,1
DA:64,1
DA:67,2
DA:68,2
DA:69,2
DA:70,2
DA:71,2
DA:72,2
DA:73,2
DA:74,2
DA:75,2
DA:76,2
DA:77,2
DA:78,2
DA:79,2
DA:80,2
DA:81,2
DA:85,2
DA:86,2
DA:87,2
DA:88,2
DA:89,2
DA:90,2
DA:91,2
DA:92,2
DA:93,2
DA:94,2
DA:95,2
DA:96,2
DA:97,2
DA:98,2
DA:99,2
LF:59
LH:59
end_of_record
SF:./core/lib/data/models/movie_models/movie_table.dart
DA:12,7
DA:19,2
DA:20,1
DA:21,1
DA:22,1
DA:23,1
DA:26,2
DA:27,1
DA:28,1
DA:29,1
DA:30,1
DA:33,0
DA:34,0
DA:35,0
DA:36,0
DA:37,0
DA:40,4
DA:41,2
DA:42,2
DA:43,2
DA:44,2
DA:47,2
DA:48,1
DA:49,1
DA:50,1
DA:51,1
DA:54,2
DA:56,10
LF:28
LH:23
end_of_record
SF:./core/lib/data/models/movie_models/movie_response.dart
DA:7,3
DA:9,4
DA:10,4
DA:11,6
DA:12,6
DA:15,2
DA:16,5
DA:19,1
DA:20,2
LF:9
LH:9
end_of_record
SF:./core/lib/data/models/tv_series/tv_model.dart
DA:5,7
DA:27,2
DA:28,4
DA:29,1
DA:30,1
DA:31,1
DA:32,1
DA:33,2
DA:34,1
DA:35,2
DA:36,1
DA:39,2
DA:40,4
DA:41,1
DA:42,1
DA:43,1
DA:44,1
DA:45,1
DA:46,1
DA:47,1
DA:48,1
DA:51,2
DA:52,2
DA:53,2
DA:54,2
DA:55,2
DA:56,2
DA:57,2
DA:58,2
DA:59,2
DA:60,2
DA:61,2
DA:65,1
DA:66,1
DA:67,1
DA:68,1
DA:69,1
DA:70,1
DA:71,1
DA:72,1
DA:73,1
DA:74,1
DA:75,1
LF:43
LH:43
end_of_record
SF:./core/lib/data/models/tv_series/tv_table.dart
DA:12,6
DA:19,2
DA:20,1
DA:21,1
DA:22,1
DA:23,1
DA:26,2
DA:27,1
DA:28,1
DA:29,1
DA:30,1
DA:33,0
DA:34,0
DA:35,0
DA:36,0
DA:37,0
DA:40,6
DA:41,3
DA:42,3
DA:43,3
DA:44,3
DA:47,0
DA:48,0
DA:49,0
DA:50,0
DA:51,0
DA:54,2
DA:55,10
LF:28
LH:18
end_of_record
SF:./core/lib/data/models/movie_models/genre_model.dart
DA:5,3
DA:13,1
DA:14,1
DA:15,1
DA:16,1
DA:19,2
DA:20,1
DA:21,1
DA:24,2
DA:25,6
DA:28,0
DA:29,0
LF:12
LH:10
end_of_record
SF:./core/lib/data/models/movie_models/movie_detail_model.dart
DA:6,3
DA:52,1
DA:53,1
DA:54,1
DA:55,1
DA:56,1
DA:57,1
DA:58,4
DA:59,1
DA:60,1
DA:61,1
DA:62,1
DA:63,1
DA:64,1
DA:65,2
DA:66,1
DA:67,1
DA:68,1
DA:69,1
DA:70,1
DA:71,1
DA:72,1
DA:73,1
DA:74,2
DA:75,1
DA:78,2
DA:79,1
DA:80,1
DA:81,1
DA:82,5
DA:83,1
DA:84,1
DA:85,1
DA:86,1
DA:87,1
DA:88,1
DA:89,1
DA:90,1
DA:91,1
DA:92,1
DA:93,1
DA:94,1
DA:95,1
DA:96,1
DA:97,1
DA:98,1
DA:99,1
DA:102,2
DA:103,2
DA:104,2
DA:105,2
DA:106,10
DA:107,2
DA:108,2
DA:109,2
DA:110,2
DA:111,2
DA:112,2
DA:113,2
DA:114,2
DA:115,2
DA:119,0
DA:121,0
DA:122,0
DA:123,0
DA:124,0
DA:125,0
DA:126,0
DA:127,0
DA:128,0
DA:129,0
DA:130,0
DA:131,0
DA:132,0
DA:133,0
DA:134,0
DA:135,0
DA:136,0
DA:137,0
DA:138,0
DA:139,0
DA:140,0
DA:141,0
DA:142,0
LF:84
LH:61
end_of_record
SF:./core/lib/data/models/tv_series/tv_response.dart
DA:6,2
DA:8,2
DA:9,2
DA:10,3
DA:11,3
DA:14,2
DA:15,5
DA:18,0
DA:19,0
LF:9
LH:7
end_of_record
SF:./core/lib/data/models/tv_series/tv_genre_model.dart
DA:5,2
DA:13,0
DA:14,0
DA:15,0
DA:18,2
DA:19,1
DA:20,1
DA:23,2
DA:24,6
DA:27,0
DA:28,0
LF:11
LH:6
end_of_record
SF:./core/lib/data/models/tv_series/tv_detail_model.dart
DA:6,1
DA:36,0
DA:37,0
DA:38,0
DA:39,0
DA:40,0
DA:41,0
DA:42,0
DA:43,0
DA:44,0
DA:45,0
DA:46,0
DA:47,0
DA:48,0
DA:49,0
DA:50,0
DA:51,0
DA:54,1
DA:55,1
DA:56,1
DA:57,1
DA:58,1
DA:59,1
DA:60,1
DA:61,1
DA:62,1
DA:63,1
DA:64,1
DA:65,1
DA:66,1
DA:67,1
DA:68,5
DA:72,0
DA:73,0
DA:74,0
DA:75,0
DA:76,0
DA:77,0
DA:78,0
DA:79,0
DA:80,0
DA:81,0
DA:82,0
DA:83,0
DA:84,0
DA:85,0
DA:86,0
DA:91,0
DA:99,0
DA:100,0
DA:101,0
DA:104,0
DA:105,0
DA:106,0
LF:54
LH:16
end_of_record
SF:./core/lib/data/repositories/repository_impl.dart
DA:23,1
DA:30,1
DA:32,2
DA:33,5
DA:34,1
DA:35,2
DA:36,0
DA:37,0
DA:38,0
DA:39,0
DA:43,1
DA:46,2
DA:47,2
DA:48,1
DA:49,2
DA:50,1
DA:51,2
DA:52,0
DA:53,0
DA:57,1
DA:61,2
DA:62,3
DA:63,1
DA:64,2
DA:65,1
DA:66,2
DA:67,0
DA:68,0
DA:72,1
DA:75,2
DA:76,5
DA:77,1
DA:78,2
DA:79,0
DA:80,0
DA:81,0
DA:82,0
DA:86,1
DA:89,2
DA:90,5
DA:91,1
DA:92,2
DA:93,0
DA:94,0
DA:95,0
DA:96,0
DA:100,1
DA:103,2
DA:104,5
DA:105,1
DA:106,2
DA:107,1
DA:108,2
DA:109,0
DA:110,0
DA:114,1
DA:118,1
DA:119,2
DA:120,1
DA:121,1
DA:122,3
DA:128,1
DA:132,1
DA:133,2
DA:134,1
DA:135,1
DA:136,3
DA:137,0
DA:138,0
DA:142,1
DA:144,2
DA:148,1
DA:150,2
DA:151,5
DA:154,1
DA:157,2
DA:158,5
DA:159,1
DA:160,2
DA:161,0
DA:162,0
DA:163,0
DA:164,0
DA:168,1
DA:171,2
DA:172,2
DA:173,1
DA:174,2
DA:175,1
DA:176,2
DA:177,0
DA:178,0
DA:182,1
DA:185,2
DA:186,3
DA:187,1
DA:188,2
DA:189,1
DA:190,2
DA:191,0
DA:192,0
DA:196,1
DA:199,2
DA:200,5
DA:201,1
DA:202,2
DA:203,0
DA:204,0
DA:205,0
DA:206,0
DA:210,1
DA:213,2
DA:214,5
DA:215,1
DA:216,2
DA:217,0
DA:218,0
DA:219,0
DA:220,0
DA:224,1
DA:227,2
DA:228,5
DA:229,1
DA:230,2
DA:231,1
DA:232,2
DA:233,0
DA:234,0
DA:238,1
DA:242,3
DA:243,1
DA:244,1
DA:245,3
DA:251,1
DA:255,3
DA:256,1
DA:257,1
DA:258,3
DA:259,0
DA:260,0
DA:264,1
DA:266,2
DA:270,0
DA:272,0
DA:273,0
LF:145
LH:102
end_of_record
SF:./core/lib/data/datasources/db/database_helper.dart
DA:9,0
DA:13,0
DA:17,0
DA:18,0
DA:24,0
DA:25,0
DA:26,0
DA:28,0
DA:32,0
DA:33,0
DA:39,0
DA:43,0
DA:44,0
DA:45,0
DA:48,0
DA:49,0
DA:50,0
DA:53,0
DA:57,0
DA:58,0
DA:59,0
DA:62,0
DA:65,0
DA:66,0
DA:72,0
DA:73,0
DA:75,0
LF:27
LH:0
end_of_record
SF:./core/lib/data/datasources/db/database_tv_helper.dart
DA:8,0
DA:12,0
DA:13,0
DA:17,0
DA:19,0
DA:26,0
DA:27,0
DA:28,0
DA:30,0
DA:34,0
DA:35,0
DA:42,0
DA:46,0
DA:47,0
DA:48,0
DA:51,0
DA:52,0
DA:53,0
DA:56,0
DA:60,0
DA:61,0
DA:62,0
DA:65,0
DA:68,0
DA:69,0
DA:75,0
DA:76,0
DA:77,0
LF:28
LH:0
end_of_record
SF:./core/lib/data/datasources/local_data_source.dart
DA:15,1
DA:17,1
DA:20,2
DA:23,2
DA:27,1
DA:30,2
DA:33,2
DA:37,1
DA:39,2
DA:41,1
DA:47,1
DA:49,2
DA:50,4
LF:13
LH:13
end_of_record
SF:./core/lib/data/datasources/local_data_source_tv.dart
DA:15,1
DA:16,1
DA:18,2
DA:20,1
DA:26,1
DA:28,2
DA:29,4
DA:32,1
DA:35,2
DA:38,2
DA:42,1
DA:45,2
DA:48,2
LF:13
LH:13
end_of_record
SF:./core/lib/data/datasources/remote_data_source.dart
DA:44,2
DA:46,1
DA:49,4
DA:51,2
DA:52,4
DA:54,1
DA:58,1
DA:60,4
DA:62,2
DA:63,3
DA:65,1
DA:69,1
DA:71,1
DA:72,3
DA:74,2
DA:75,4
DA:77,1
DA:81,1
DA:84,4
DA:86,2
DA:87,4
DA:89,1
DA:93,1
DA:96,4
DA:98,2
DA:99,4
DA:101,1
DA:105,1
DA:107,1
DA:108,3
DA:110,2
DA:111,4
DA:113,1
DA:117,1
DA:119,4
DA:120,2
DA:121,4
DA:123,1
DA:127,0
DA:130,0
DA:131,0
DA:132,0
DA:134,0
DA:138,0
DA:141,0
DA:142,0
DA:143,0
DA:145,0
DA:149,1
DA:152,4
DA:153,2
DA:154,4
DA:156,1
DA:160,0
DA:162,0
DA:164,0
DA:165,0
DA:167,0
DA:171,1
DA:174,4
DA:175,2
DA:176,4
DA:178,1
LF:63
LH:48
end_of_record
SF:./core/lib/utils/network_info.dart
DA:9,0
DA:10,0
DA:11,0
LF:3
LH:0
end_of_record
SF:./core/lib/style/text_style.dart
DA:6,0
DA:7,0
DA:8,0
DA:10,0
DA:12,0
DA:16,0
DA:17,0
DA:18,0
DA:19,0
DA:20,0
LF:10
LH:0
end_of_record
SF:./core/lib/utils/utils.dart
DA:3,0
LF:1
LH:0
end_of_record
SF:./core/lib/utils/exception.dart
DA:5,3
LF:1
LH:1
end_of_record
SF:./core/lib/utils/failure.dart
DA:6,2
DA:8,1
DA:9,2
DA:13,3
DA:17,3
DA:21,3
DA:25,0
LF:7
LH:6
end_of_record
SF:./core/lib/utils/state_enum.dart
DA:4,0
DA:6,0
DA:7,0
DA:16,0
DA:17,0
DA:18,0
DA:23,0
DA:24,0
DA:25,0
DA:30,0
DA:31,0
DA:32,0
DA:37,0
DA:38,0
DA:39,0
LF:15
LH:0
end_of_record
SF:./core/lib/data/ssl_pinning/http_ssl_pinning.dart
DA:5,0
DA:6,0
DA:9,0
DA:11,0
DA:12,0
LF:5
LH:0
end_of_record
SF:./core/lib/style/platform.dart
DA:8,0
DA:10,0
DA:12,0
DA:14,0
DA:15,0
DA:16,0
DA:17,0
DA:18,0
DA:20,0
LF:9
LH:0
end_of_record
SF:./core/lib/data/ssl_pinning/shared.dart
DA:10,1
DA:11,1
DA:14,1
DA:17,0
DA:21,2
DA:22,0
DA:23,0
DA:24,0
DA:26,1
DA:27,3
DA:31,1
DA:32,0
DA:33,0
DA:34,0
DA:35,0
DA:37,0
DA:41,0
DA:45,1
DA:46,1
DA:47,0
DA:52,1
DA:54,2
LF:22
LH:11
end_of_record
SF:./movie/lib/domain/usecases/usecases_movie/get_popular_movies.dart
DA:8,1
DA:9,1
DA:10,2
LF:3
LH:3
end_of_record
SF:./movie/lib/domain/entities/movie_entities/movie.dart
DA:4,6
DA:20,1
DA:41,5
DA:42,5
DA:43,5
DA:44,5
DA:45,5
DA:46,5
DA:47,5
DA:48,5
DA:49,5
DA:50,5
DA:51,5
DA:52,5
DA:53,5
DA:54,5
DA:55,5
LF:17
LH:17
end_of_record
SF:./movie/lib/presentation/bloc/movie/popular_movie/popular_movie_bloc.dart
DA:9,3
DA:10,2
DA:11,2
DA:12,2
DA:13,1
DA:14,1
DA:15,3
DA:17,1
DA:18,2
LF:9
LH:9
end_of_record
SF:./movie/lib/presentation/bloc/movie/popular_movie/popular_movie_event.dart
DA:4,2
DA:6,0
DA:7,0
DA:11,0
DA:12,0
LF:5
LH:1
end_of_record
SF:./movie/lib/domain/entities/movie_entities/genre.dart
DA:4,6
DA:12,1
DA:13,3
LF:3
LH:3
end_of_record
SF:./movie/lib/domain/entities/movie_entities/movie_detail.dart
DA:5,6
DA:33,1
DA:34,1
DA:35,1
DA:36,1
DA:37,1
DA:38,1
DA:39,1
DA:40,1
DA:41,1
DA:42,1
DA:43,1
DA:44,1
DA:45,1
LF:14
LH:14
end_of_record
SF:./movie/lib/domain/usecases/usecases_movie/get_movie_detail.dart
DA:8,1
DA:9,1
DA:10,2
LF:3
LH:3
end_of_record
SF:./movie/lib/domain/usecases/usecases_movie/get_movie_recommendations.dart
DA:9,1
DA:11,1
DA:12,2
LF:3
LH:3
end_of_record
SF:./movie/lib/domain/usecases/usecases_movie/get_top_rated_movies.dart
DA:8,1
DA:9,1
DA:10,2
LF:3
LH:3
end_of_record
SF:./movie/lib/domain/usecases/usecases_movie/get_watchlist_movies.dart
DA:8,1
DA:9,1
DA:10,2
LF:3
LH:3
end_of_record
SF:./movie/lib/domain/usecases/usecases_movie/get_watchlist_status.dart
DA:6,1
DA:8,1
DA:9,2
LF:3
LH:3
end_of_record
SF:./movie/lib/domain/usecases/usecases_movie/remove_watchlist.dart
DA:8,1
DA:9,1
DA:10,2
LF:3
LH:3
end_of_record
SF:./movie/lib/domain/usecases/usecases_movie/save_watchlist.dart
DA:8,1
DA:9,1
DA:10,2
LF:3
LH:3
end_of_record
SF:./movie/lib/presentation/bloc/movie/movie_detail/movie_detail_bloc.dart
DA:8,3
DA:9,2
DA:10,2
DA:11,3
DA:13,1
DA:14,1
DA:15,3
DA:17,1
DA:18,2
LF:9
LH:9
end_of_record
SF:./movie/lib/presentation/bloc/movie/movie_detail/movie_detail_event.dart
DA:4,2
DA:6,0
DA:7,0
DA:13,2
DA:15,1
DA:16,2
LF:6
LH:4
end_of_record
SF:./movie/lib/presentation/bloc/movie/recomendation_movie/recomendation_movie_bloc.dart
DA:9,3
DA:10,2
DA:11,2
DA:12,3
DA:13,1
DA:14,1
DA:15,3
DA:17,1
DA:18,2
LF:9
LH:9
end_of_record
SF:./movie/lib/presentation/bloc/movie/recomendation_movie/recomendation_movie_event.dart
DA:4,2
DA:6,0
DA:7,0
DA:13,2
DA:15,1
DA:16,2
LF:6
LH:4
end_of_record
SF:./movie/lib/presentation/bloc/movie/top_rated_movie/top_rated_movie_bloc.dart
DA:9,3
DA:10,2
DA:11,2
DA:12,2
DA:13,1
DA:14,1
DA:15,3
DA:17,1
DA:18,2
LF:9
LH:9
end_of_record
SF:./movie/lib/presentation/bloc/movie/top_rated_movie/top_rated_movie_event.dart
DA:4,2
DA:6,0
DA:7,0
DA:11,0
DA:12,0
LF:5
LH:1
end_of_record
SF:./movie/lib/presentation/bloc/movie/watchlist_movie/watchlist_movie_bloc.dart
DA:15,1
DA:17,2
DA:18,1
DA:19,0
DA:20,0
DA:21,0
DA:22,0
DA:25,2
DA:26,1
DA:28,2
DA:30,2
DA:31,3
DA:32,1
DA:33,2
DA:37,2
DA:38,1
DA:40,2
DA:42,2
DA:43,3
DA:44,1
DA:45,2
DA:49,2
DA:50,2
DA:51,2
DA:52,1
DA:53,1
DA:54,3
DA:56,1
DA:57,2
LF:29
LH:25
end_of_record
SF:./movie/lib/presentation/bloc/movie/watchlist_movie/watchlist_movie_event.dart
DA:5,2
DA:7,0
DA:8,0
DA:14,1
DA:16,0
DA:17,0
DA:23,2
DA:25,1
DA:26,1
DA:32,1
DA:34,1
DA:35,1
DA:39,1
DA:40,1
LF:14
LH:10
end_of_record
SF:./movie/lib/presentation/pages/movie/movie_detail_page.dart
DA:20,1
DA:22,1
DA:23,1
DA:27,1
DA:29,1
DA:30,2
DA:31,6
DA:32,1
DA:33,1
DA:34,4
DA:35,6
DA:39,1
DA:41,2
DA:42,2
DA:43,2
DA:48,1
DA:49,1
DA:50,1
DA:51,1
DA:55,1
DA:56,1
DA:57,1
DA:58,1
DA:63,0
DA:76,1
DA:77,1
DA:79,1
DA:81,3
DA:86,1
DA:87,1
DA:88,1
DA:89,3
DA:91,1
DA:94,0
DA:96,1
DA:98,1
DA:99,1
DA:100,1
DA:110,1
DA:111,1
DA:112,1
DA:114,1
DA:116,1
DA:118,1
DA:119,1
DA:120,2
DA:121,1
DA:123,1
DA:124,1
DA:125,1
DA:127,1
DA:128,3
DA:131,0
DA:132,0
DA:135,1
DA:137,2
DA:138,1
DA:139,0
DA:142,1
DA:146,1
DA:147,0
DA:148,2
DA:149,2
DA:151,0
DA:153,0
DA:154,0
DA:155,0
DA:159,2
DA:161,1
DA:163,1
DA:164,1
DA:171,1
DA:172,3
DA:174,1
DA:175,3
DA:177,1
DA:178,1
DA:179,1
DA:180,3
DA:182,1
DA:188,4
DA:192,1
DA:194,1
DA:196,1
DA:197,2
DA:200,1
DA:202,1
DA:204,1
DA:205,1
DA:206,1
DA:210,1
DA:211,0
DA:212,1
DA:213,1
DA:215,1
DA:217,1
DA:218,2
DA:219,1
DA:221,1
DA:222,0
DA:223,0
DA:226,0
DA:229,1
DA:234,1
DA:236,2
DA:237,1
DA:243,0
DA:250,2
DA:254,0
DA:262,1
DA:264,1
DA:279,1
DA:281,1
DA:284,1
DA:286,0
DA:287,0
DA:296,1
DA:298,2
DA:299,3
DA:302,1
DA:306,3
DA:309,1
DA:310,1
DA:311,1
DA:313,1
DA:314,1
DA:316,0
LF:127
LH:108
end_of_record
SF:./movie/lib/presentation/pages/movie/popular_movies_page.dart
DA:10,1
DA:12,1
DA:13,1
DA:17,1
DA:19,1
DA:20,1
DA:21,5
DA:24,1
DA:26,1
DA:27,1
DA:28,1
DA:30,1
DA:32,1
DA:33,1
DA:34,1
DA:38,1
DA:39,1
DA:40,1
DA:41,2
DA:42,1
DA:44,2
DA:47,1
DA:48,1
DA:49,1
LF:24
LH:24
end_of_record
SF:./movie/lib/presentation/widget/Movie_card_list.dart
DA:10,2
DA:12,1
DA:14,1
DA:16,1
DA:17,0
DA:18,0
DA:21,0
DA:24,1
DA:26,1
DA:27,1
DA:28,1
DA:34,1
DA:36,1
DA:37,1
DA:38,2
DA:41,1
DA:44,1
DA:45,2
DA:53,1
DA:58,1
DA:59,1
DA:60,3
DA:62,1
DA:65,0
LF:24
LH:20
end_of_record
SF:./movie/lib/presentation/pages/movie/top_rated_movies_page.dart
DA:10,1
DA:12,1
DA:13,1
DA:17,1
DA:19,1
DA:20,1
DA:21,5
DA:24,1
DA:26,1
DA:27,1
DA:28,1
DA:30,1
DA:32,1
DA:33,1
DA:34,1
DA:38,1
DA:39,1
DA:40,1
DA:41,2
DA:42,1
DA:44,2
LF:21
LH:21
end_of_record
SF:./movie/lib/domain/usecases/usecases_movie/get_now_playing_movies.dart
DA:8,1
DA:9,1
DA:10,2
LF:3
LH:3
end_of_record
SF:./movie/lib/presentation/bloc/movie/now_movie_playing/now_movie_playing_bloc.dart
DA:9,3
DA:10,2
DA:11,2
DA:12,2
DA:13,1
DA:14,1
DA:15,3
DA:17,1
DA:18,2
LF:9
LH:9
end_of_record
SF:./movie/lib/presentation/bloc/movie/now_movie_playing/now_movie_playing_event.dart
DA:4,1
DA:6,0
DA:7,0
DA:11,0
DA:12,0
LF:5
LH:1
end_of_record
SF:./tv/lib/domain/entities/tv_entities/genre.dart
DA:4,6
DA:12,0
DA:13,0
LF:3
LH:1
end_of_record
SF:./tv/lib/domain/entities/tv_entities/tv.dart
DA:4,6
DA:16,1
DA:33,5
DA:34,5
DA:35,5
DA:36,5
DA:37,5
DA:38,5
DA:39,5
DA:40,5
DA:41,5
DA:42,5
DA:43,5
LF:13
LH:13
end_of_record
SF:./tv/lib/domain/entities/tv_entities/tv_detail.dart
DA:4,5
DA:34,0
DA:35,0
DA:36,0
DA:37,0
DA:38,0
DA:39,0
DA:40,0
DA:41,0
DA:42,0
DA:43,0
DA:44,0
DA:45,0
DA:46,0
DA:47,0
DA:48,0
DA:53,0
DA:61,0
DA:62,0
DA:63,0
DA:66,0
DA:67,0
DA:68,0
LF:23
LH:1
end_of_record
SF:./tv/lib/presentation/bloc/tv/tv_recomendation/tv_recomendation_bloc.dart
DA:9,3
DA:10,2
DA:11,2
DA:12,3
DA:13,1
DA:14,1
DA:15,3
DA:17,1
DA:18,2
LF:9
LH:9
end_of_record
SF:./tv/lib/presentation/bloc/tv/tv_recomendation/tv_recomendation_event.dart
DA:4,2
DA:6,0
DA:7,0
DA:13,2
DA:15,1
DA:16,2
LF:6
LH:4
end_of_record
SF:./tv/lib/domain/usecases/usecases_tv/get_tv_detail.dart
DA:9,1
DA:11,1
DA:12,2
LF:3
LH:3
end_of_record
SF:./tv/lib/domain/usecases/usecases_tv/get_tv_recommendations.dart
DA:8,1
DA:9,1
DA:10,2
LF:3
LH:3
end_of_record
SF:./tv/lib/domain/usecases/usecases_tv/get_watchlist_status_tv.dart
DA:6,1
DA:8,1
DA:9,2
LF:3
LH:3
end_of_record
SF:./tv/lib/domain/usecases/usecases_tv/get_watchlist_tv.dart
DA:9,1
DA:11,1
DA:12,2
LF:3
LH:3
end_of_record
SF:./tv/lib/domain/usecases/usecases_tv/remove_watchlist.dart
DA:8,1
DA:9,1
DA:10,2
LF:3
LH:3
end_of_record
SF:./tv/lib/domain/usecases/usecases_tv/save_watchlist.dart
DA:8,1
DA:9,1
DA:10,2
LF:3
LH:3
end_of_record
SF:./tv/lib/domain/usecases/usecases_tv/get_now_playing_tv.dart
DA:8,1
DA:9,1
DA:10,2
LF:3
LH:3
end_of_record
SF:./tv/lib/domain/usecases/usecases_tv/get_popular_tv.dart
DA:8,1
DA:9,1
DA:10,2
LF:3
LH:3
end_of_record
SF:./tv/lib/domain/usecases/usecases_tv/get_top_rated_tv.dart
DA:8,1
DA:9,1
DA:10,2
LF:3
LH:3
end_of_record
SF:./tv/lib/presentation/bloc/tv/tv_detail/tv_detail_bloc.dart
DA:10,3
DA:11,2
DA:12,2
DA:13,3
DA:14,1
DA:15,1
DA:16,3
DA:18,1
DA:19,2
LF:9
LH:9
end_of_record
SF:./tv/lib/presentation/bloc/tv/tv_detail/tv_detail_event.dart
DA:4,2
DA:6,0
DA:7,0
DA:13,2
DA:15,1
DA:16,2
LF:6
LH:4
end_of_record
SF:./tv/lib/presentation/bloc/tv/tv_now_playing/tv_now_playing_bloc.dart
DA:9,3
DA:10,2
DA:11,2
DA:12,2
DA:13,1
DA:14,1
DA:15,3
DA:17,1
DA:18,2
LF:9
LH:9
end_of_record
SF:./tv/lib/presentation/bloc/tv/tv_now_playing/tv_now_playing_event.dart
DA:4,2
DA:6,0
DA:7,0
DA:11,0
DA:12,0
LF:5
LH:1
end_of_record
SF:./tv/lib/presentation/bloc/tv/tv_popular/tv_popular_bloc.dart
DA:10,3
DA:11,2
DA:12,2
DA:13,2
DA:14,1
DA:15,1
DA:16,3
DA:18,1
DA:19,2
LF:9
LH:9
end_of_record
SF:./tv/lib/presentation/bloc/tv/tv_popular/tv_popular_event.dart
DA:4,2
DA:6,0
DA:7,0
DA:11,0
DA:12,0
LF:5
LH:1
end_of_record
SF:./tv/lib/presentation/bloc/tv/tv_top_rated/tv_top_rated_bloc.dart
DA:9,3
DA:10,2
DA:11,2
DA:12,2
DA:13,1
DA:14,1
DA:15,3
DA:17,1
DA:18,2
LF:9
LH:9
end_of_record
SF:./tv/lib/presentation/bloc/tv/tv_top_rated/tv_top_rated_event.dart
DA:4,2
DA:6,0
DA:7,0
DA:11,0
DA:12,0
LF:5
LH:1
end_of_record
SF:./tv/lib/presentation/bloc/tv/watchlist_tv/watchlist_event.dart
DA:5,2
DA:7,0
DA:8,0
DA:14,1
DA:16,0
DA:17,0
DA:23,2
DA:25,1
DA:26,1
DA:32,1
DA:34,1
DA:35,1
DA:39,1
DA:40,1
LF:14
LH:10
end_of_record
SF:./tv/lib/presentation/bloc/tv/watchlist_tv/watchlist_tv_bloc.dart
DA:15,1
DA:17,2
DA:18,1
DA:19,0
DA:20,0
DA:21,0
DA:22,0
DA:25,2
DA:26,1
DA:28,2
DA:30,2
DA:31,3
DA:32,1
DA:33,2
DA:37,2
DA:38,1
DA:40,2
DA:42,2
DA:43,3
DA:44,1
DA:45,2
DA:49,2
DA:50,2
DA:51,2
DA:52,1
DA:53,1
DA:54,3
DA:56,1
DA:57,2
LF:29
LH:25
end_of_record
SF:./tv/lib/presentation/pages/tv/now_playing_tv_page.dart
DA:11,1
DA:12,1
DA:16,1
DA:18,1
DA:19,1
DA:20,5
DA:23,1
DA:25,1
DA:26,1
DA:27,1
DA:29,1
DA:31,1
DA:32,1
DA:33,1
DA:37,1
DA:38,1
DA:39,1
DA:40,2
DA:41,1
DA:43,2
DA:46,1
DA:47,1
DA:48,1
LF:23
LH:23
end_of_record
SF:./tv/lib/presentation/widget/Tv_card_list.dart
DA:10,2
DA:12,1
DA:14,1
DA:16,1
DA:17,0
DA:18,0
DA:21,0
DA:24,1
DA:26,1
DA:27,1
DA:28,1
DA:34,1
DA:36,1
DA:37,1
DA:38,2
DA:41,1
DA:44,1
DA:45,2
DA:53,1
DA:58,1
DA:59,3
DA:60,1
DA:61,3
DA:63,1
DA:66,0
DA:69,0
DA:71,0
LF:27
LH:21
end_of_record
SF:./tv/lib/presentation/pages/tv/popular_tv_page.dart
DA:11,1
DA:12,1
DA:16,1
DA:18,1
DA:19,6
DA:22,1
DA:24,1
DA:25,1
DA:26,1
DA:28,1
DA:30,1
DA:31,1
DA:32,1
DA:36,1
DA:37,1
DA:38,1
DA:39,2
DA:40,1
DA:42,2
DA:45,1
DA:46,1
DA:47,1
LF:22
LH:22
end_of_record
SF:./tv/lib/presentation/pages/tv/top_rated_tv_page.dart
DA:11,1
DA:12,1
DA:16,1
DA:18,1
DA:19,6
DA:22,1
DA:24,1
DA:25,1
DA:26,1
DA:28,1
DA:30,1
DA:31,1
DA:32,1
DA:36,1
DA:37,1
DA:38,1
DA:39,2
DA:40,1
DA:42,2
DA:45,1
DA:46,1
DA:47,1
LF:22
LH:22
end_of_record
SF:./tv/lib/presentation/pages/tv/tv_detail_page.dart
DA:20,2
DA:21,1
DA:22,1
DA:26,1
DA:28,1
DA:29,2
DA:30,6
DA:31,6
DA:32,1
DA:33,1
DA:34,4
DA:38,1
DA:40,2
DA:41,2
DA:42,2
DA:47,1
DA:48,1
DA:49,1
DA:50,1
DA:54,1
DA:55,1
DA:56,1
DA:57,1
DA:73,2
DA:75,1
DA:77,3
DA:82,1
DA:83,1
DA:84,1
DA:85,3
DA:87,1
DA:90,0
DA:92,1
DA:94,1
DA:95,1
DA:96,1
DA:106,1
DA:107,1
DA:108,1
DA:110,1
DA:112,1
DA:114,1
DA:115,1
DA:116,2
DA:117,1
DA:119,1
DA:120,1
DA:121,1
DA:123,1
DA:124,3
DA:127,0
DA:128,0
DA:131,1
DA:132,2
DA:133,1
DA:134,0
DA:137,1
DA:141,1
DA:142,0
DA:143,2
DA:144,2
DA:146,0
DA:148,0
DA:149,0
DA:150,0
DA:154,2
DA:156,1
DA:158,1
DA:159,1
DA:166,1
DA:167,3
DA:169,1
DA:170,3
DA:172,1
DA:173,1
DA:174,1
DA:175,2
DA:177,1
DA:183,4
DA:187,1
DA:189,1
DA:191,1
DA:192,2
DA:195,1
DA:197,1
DA:199,1
DA:200,1
DA:201,1
DA:205,1
DA:206,0
DA:207,1
DA:208,1
DA:210,1
DA:212,1
DA:213,2
DA:214,1
DA:216,1
DA:217,0
DA:218,0
DA:221,0
DA:224,1
DA:229,1
DA:231,2
DA:232,1
DA:238,0
DA:245,2
DA:249,0
DA:257,1
DA:259,1
DA:274,1
DA:276,1
DA:279,1
DA:281,0
DA:282,0
DA:291,1
DA:293,2
DA:294,2
DA:297,1
DA:301,3
DA:304,1
DA:305,1
DA:306,1
DA:308,1
DA:309,0
DA:311,1
LF:125
LH:107
end_of_record
